<?xml version="1.0" encoding="UTF-8"?>
<testsuite xmlns:xsi="http://www.w3.org/2001/XMLSchema-instance" xsi:noNamespaceSchemaLocation="https://maven.apache.org/surefire/maven-surefire-plugin/xsd/surefire-test-report.xsd" version="3.0.2" name="com.example.inventoryservice.service.InventoryServiceImplTest" time="0.58" tests="9" errors="0" skipped="0" failures="0">
  <properties>
[...]
</properties>
  <testcase name="deleteInventory_shouldDeleteWhenExists" classname="com.example.inventoryservice.service.InventoryServiceImplTest" time="0.463">
    <system-out><![CDATA[2026-03-01T14:30:20,231 INFO  [main] com.example.inventoryservice.service.InventoryServiceImpl: Deleting inventory with ID: 1
2026-03-01T14:30:20,232 INFO  [main] com.example.inventoryservice.service.InventoryServiceImpl: Inventory deleted with ID: 1
]]></system-out>
  </testcase>
  <testcase name="deleteInventory_shouldThrowWhenNotFound" classname="com.example.inventoryservice.service.InventoryServiceImplTest" time="0.015">
    <system-out><![CDATA[2026-03-01T14:30:20,261 INFO  [main] com.example.inventoryservice.service.InventoryServiceImpl: Deleting inventory with ID: 999
]]></system-out>
  </testcase>
  <testcase name="getInventoryById_shouldReturnResponseWhenExists" classname="com.example.inventoryservice.service.InventoryServiceImplTest" time="0.008">
    <system-out><![CDATA[2026-03-01T14:30:20,275 INFO  [main] com.example.inventoryservice.service.InventoryServiceImpl: Fetching inventory with ID: 1
2026-03-01T14:30:20,277 INFO  [main] com.example.inventoryservice.service.InventoryServiceImpl: Inventory fetched with ID: 1
]]></system-out>
  </testcase>
  <testcase name="createInventory_shouldSaveAndReturnResponse" classname="com.example.inventoryservice.service.InventoryServiceImplTest" time="0.011">
    <system-out><![CDATA[2026-03-01T14:30:20,289 INFO  [main] com.example.inventoryservice.service.InventoryServiceImpl: Creating inventory for product: Test Product
2026-03-01T14:30:20,290 INFO  [main] com.example.inventoryservice.service.InventoryServiceImpl: Inventory created with ID: 1
]]></system-out>
  </testcase>
  <testcase name="updateInventory_shouldThrowWhenNotFound" classname="com.example.inventoryservice.service.InventoryServiceImplTest" time="0.011">
    <system-out><![CDATA[2026-03-01T14:30:20,299 INFO  [main] com.example.inventoryservice.service.InventoryServiceImpl: Updating inventory with ID: 999
]]></system-out>
  </testcase>
  <testcase name="updateInventory_shouldUpdateAndReturnWhenExists" classname="com.example.inventoryservice.service.InventoryServiceImplTest" time="0.008">
    <system-out><![CDATA[2026-03-01T14:30:20,314 INFO  [main] com.example.inventoryservice.service.InventoryServiceImpl: Updating inventory with ID: 1
2026-03-01T14:30:20,315 INFO  [main] com.example.inventoryservice.service.InventoryServiceImpl: Inventory updated with ID: 1
]]></system-out>
  </testcase>
  <testcase name="getInventoryById_shouldThrowWhenNotFound" classname="com.example.inventoryservice.service.InventoryServiceImplTest" time="0.007">
    <system-out><![CDATA[2026-03-01T14:30:20,322 INFO  [main] com.example.inventoryservice.service.InventoryServiceImpl: Fetching inventory with ID: 999
]]></system-out>
  </testcase>
  <testcase name="getAllInventories_shouldReturnEmptyList" classname="com.example.inventoryservice.service.InventoryServiceImplTest" time="0.038">
    <system-out><![CDATA[2026-03-01T14:30:20,333 INFO  [main] com.example.inventoryservice.service.InventoryServiceImpl: Fetching all inventories
]]></system-out>
  </testcase>
  <testcase name="getAllInventories_shouldReturnList" classname="com.example.inventoryservice.service.InventoryServiceImplTest" time="0.005">
    <system-out><![CDATA[2026-03-01T14:30:20,368 INFO  [main] com.example.inventoryservice.service.InventoryServiceImpl: Fetching all inventories
]]></system-out>
  </testcase>
</testsuite>